   14  cd src
   15  ls
   16  cd main
   17  ls
   18  cd java
   19  ls
   20  cd com/
   21  ls
   22  cd example/
   23  ls
   24  ls -la
   25  pwd
   26  pwd
   27  cd
   28  cd pro
   29  cd projects/
   30  ls
   31  cd spring
   32  ls
   33  ls -la
   34  ls feedbacknetwork/
   35  mvn --version
   36  pwd
   37  ls
   38  cd projects/
   39  ls
   40  cd aem
   41  ls
   42  cd 
   43  cd Applications
   44  cd
   45  cd projects/
   46  ls
   47  cd aem/
   48  ls
   49  cd AEM63App/
   50  ls
   51  mvn clean
   52  pwd
   53  pwd
   54  ls
   55  cd
   56  pwd
   57  cd projects
   58  ls
   59  mkdir spring
   60  cd spring
   61  ls
   62  mkdir feedbacknetwork
   63  ls
   64  cd feedbacknetwork/
   65  pwd
   66  ls
   67  heroku
   68  heroku login
   69  pwd
   70  java -version
   71  mvn --version
   72  brew tap pivotal/tap
   73  brew update
   74  h
   75  brew tap pivotal/tap
   76  brew install springboot
   77  whoami
   78  sudo chown -R $(whoami) /usr/local/lib/pkgconfig
   79  chmod u+w /usr/local/lib/pkgconfig
   80  brew install springboot
   81  xcode
   82  h
   83  pwd
   84  h
   85  h
   86  cd
   87  ls
   88  mv feedbacknetwork/ idea_projs/
   89  pwd
   90  ls
   91  exit
   92  pwd
   93  ls ~/Downloads/
   94  ls ~/Downloads/DCEVM-8u181-installer-build2.jar 
   95  java -jar ~/Downloads/DCEVM-8u181-installer-build2.jar 
   96  pwd
   97  ls
   98  ls
   99  cd Applications
  100  ls
  101  cd adobe/
  102  pwd
  103  ls
  104  cd aem6.3/
  105  ls
  106  cd AEM63-publish/
  107  ls
  108  cd crx-quickstart/
  109  ls
  110  cd bin
  111  ls
  112  vi start.bat
  113  vi start
  114  pwd
  115  vi start
  116  vi start
  117  java -version
  118  h
  119  h
  120  pwd
  121  java -jar ~/Downloads/DCEVM-8u181-installer-build2.jar 
  122  cd Applications
  123  ls
  124  cd adobe
  125  ls
  126  cd aem6.3/
  127  ls
  128  cd AEM63
  129  ls
  130  cd crx-quickstart/
  131  ls
  132  cd logs
  133  ls
  134  ls -lt
  135  tail -f satish.log
  136  cd ~/Library
  137  cd Preference
  138  cd Preferences
  139  ls
  140  ls *ide*
  141  find . -name idea.config.path -print
  142  ls I*
  143  cd IntelliJIdea2019.1/
  144  ls
  145  pwd
  146  ls
  147  ls options
  148  ls id*
  149  ls C*
  150  ls
  151  ls -la
  152  cd options
  153  ls
  154  more ide.general.xml 
  155  pwd
  156  ls -lt 
  157  ls pr*
  158  tail -f project-AEM63App.log 
  159  ls -lt | more
  160  tail -f error.log
  161  ls -lt
  162  tail -f access.log
  163  ls -lt
  164  ls -lt 
  165  ls
  166  ls -la
  167  ls -lt | more
  168  tail -f access.log
  169  ls
  170  ls -lt
  171  ls -lt | more
  172  tail -f test.log
  173  ls -lt | more
  174  vi test.log
  175  ls
  176  vi test.log
  177  vi test.log
  178  pwd
  179  cd /
  180  find . -name \*.pdf -print
  181  ls
  182  cd sites
  183  ls
  184  cd techdialogue/
  185  ls
  186  more README.md 
  187  pwd
  188  ls
  189  cd ~
  190  sudo killall coreaudiod
  191  ping -t 8.8.8.8
  192  cd /Users
  193  cd /Users/drona/Library/Application Support/Amazon Music/Data/Offline
  194  cd /Users/drona/Library/Application Support/
  195  cd /Users/drona/Library/
  196  dir
  197  ls
  198  ls
  199  cd Applications
  200  ls
  201  cd ..
  202  ls
  203  cd sites
  204  ls
  205  cd techdialogue
  206  ls
  207  history
  208  irebase
  209  firebase
  210  set
  211  env
  212  pwd
  213  ls
  214  more firebase.json
  215  ls
  216  pwd
  217  ls -la
  218  pwd
  219  pwd
  220  cd ..
  221  dir
  222  ls
  223  pwd
  224  mkdir sanity
  225  cd sanity
  226  npm install -g @sanity/cli
  227  npm install -g npm
  228  npm install -g @sanity/cli
  229  sudo n stable
  230  npm install -g @sanity/cli
  231  sanity start
  232  pwd
  233  ls
  234  sanity help
  235  sanity projects
  236  sanity help projects
  237  sanity projects list
  238  sanity login
  239  sanity projects list
  240  sanity help projects
  241  sanity help projects 
  242  sanity projects list
  243  sanity projects  --default Kitchen Sink
  244  sanity start
  245  pwd
  246  ls
  247  git clone https://github.com/satishkn/techdialogue.git
  248  ls
  249  cd techdialogue/
  250  ls
  251  npm run dev
  252  pwd
  253  cd ..
  254  npm run dev
  255  cd techdialogue/
  256  npm install
  257  npm run dev
  258  npm i -g @sanity/cli && sanity upgrade
  259  npm run dev
  260  sanity upgrade
  261  npm run dev
  262  exit
  263  pwd
  264  ls
  265  pwd
  266  git clone https://github.com/ebanyan/techdialogue2.git
  267  pwd
  268  ls
  269  mkdir techdialogue3
  270  cd techdialogue3
  271  ls
  272  npm init gatsby
  273  pwd
  274  ls
  275  cd ..
  276  ls -la
  277  rm -rm techdialogue3
  278  rm -rf techdialogue3
  279  cd ..
  280  npm init gatsby
  281  pwd
  282  cd  sites
  283  ls
  284  npm init gatsby
  285  ls
  286  npm init gatsby
  287  npm run develop
  288  pwd
  289  cd *3
  290  npm run develop
  291  npm run develop
  292  ls
  293  cd *3
  294  h
  295  npm run develop
  296  cd ..
  297  pwd
  298  ls
  299  gatsby new BooGi https://github.com/filipowm/boogi techdialogue2
  300  pwd
  301  gatsby
  302  h
  303  pwd
  304  ls
  305  npm init gatsby
  306  pwd
  307  npm init gatsby
  308  cd *2
  309  npm run develop
  310  cd ..
  311  ls
  312  cd *2
  313  npm run develop
  314  npm run develop
  315  exit
  316  cd sites
  317  cd *2
  318  h
  319  npm run develop
  320  exit
  321  gatsby help
  322  cd sites
  323  ls
  324  rm -rf *2
  325  gatsby new BooGi https://github.com/filipowm/boogi
  326  ls
  327  rm -rf BooGi/
  328  gatsby new techdialogue2 https://github.com/filipowm/boogi
  329  pwd
  330  gatsby new techdialogue2 https://github.com/maxpou/gatsby-starter-morning-dew
  331  pwd
  332  ls
  333  cd *2
  334  npm run develop
  335  pwd
  336  cd ..
  337  ls
  338  rm -rf *2
  339  gatsby new techdialogue2 https://github.com/maxpou/gatsby-starter-morning-dew --legacy-peer-deps
  340  git clone techdialogue2 git@github.com:maxpou/gatsby-starter-morning-dew.git
  341  git clone techdialogue2 git@github.com:maxpou/gatsby-starter-morning-dew.git
  342  pwd
  343  git clone git@github.com:maxpou/gatsby-starter-morning-dew.git techdialogue2
  344  git clone https://github.com/maxpou/gatsby-starter-morning-dew.git techdialogue2
  345  pwd
  346  ls
  347  cd *2
  348  ls
  349  pwd
  350  npm install
  351  npm install --legacy-peer-deps
  352  h
  353  npm run develop
  354  npm run develop
  355  gatsby clean
  356  gatsby develop
  357  gatsby clean
  358  gatsby develop
  359  pwd
  360  cd sites
  361  cd techdialogue2
  362  ls
  363  pwd
  364  ls
  365  cd ..
  366  cd sites
  367  cd *2
  368  gatsby develop
  369  npm run develop
  370  gatsby clean
  371  npm run develop
  372  gatsby info
  373  gatsby clean
  374  npm run develop
  375  npm run develop
  376  pwd
  377  cd ..
  378  rm -rf techdialogue2
  379  pwd
  380  rm -rf techdialogue2
  381  rm -rf techdialogue2
  382  h
  383  gatsby info
  384  gatsby new techdialogue2 https://github.com/kosvrouvas/gatsby-tailwindcss-starter
  385  cd *2
  386  gatsby develop
  387  pwd
  388  pwd
  389  h
  390  gatsby clean
  391  gatsby develop
  392  rm -rf techdialogue2
  393  ls
  394  h
  395  gatsby clean
  396  gatsby develop
  397  pwd
  398  cd ..
  399  rm -rf techdialogue2
  400  ls
  401  gatsby new techdialogue2 https://github.com/codebushi/gatsby-starter-lander
  402  cd techdialogue2
  403  gatsby develop
  404  cd ..
  405  rm -rf techdialogue2
  406  pwd
  407  gatsby new techdialogue2 https://github.com/kosvrouvas/gatsby-tailwindcss-starter
  408  cd ..
  409  pwd
  410  cd sites
  411  cd *2
  412  gatsby develop
  413  exit
  414  pwd
  415  h
  416  rm -rf *2
  417  pwd
  418  ls
  419  gatsby new techdialogue2 https://github.com/kosvrouvas/gatsby-tailwindcss-starter
  420  cd *2
  421  gatsby develop
  422  h
  423  gatsby clean
  424  gatsby develop
  425  pwd
  426  cd ..
  427  rm -rf *2
  428  h
  429  ls
  430  h
  431  git clone https://github.com/maxpou/gatsby-starter-morning-dew.git techdialogue2
  432  gatsby clean
  433  pwd
  434  cd *2
  435  gatsby clean
  436  npm i -g gatsby-cli to update 
  437  npm audit fix
  438  npm audit fix
  439  gatsby clean
  440  pwd
  441  ls
  442  gatsby clean
  443  npm install
  444  npm run develop
  445  gatsby help
  446  gatsby -v
  447  pwd
  448  ls
  449  pwd
  450  npm install
  451  ls node_*
  452  pwd
  453  ls
  454  cd ..
  455  ls
  456  cd *2
  457  npm update -g
  458  npm audit fix
  459  npm i --package-lock-only
  460  npm audit fix
  461  pwd
  462  cd ..
  463  rm -rf *2 
  464  pwd
  465  history
  466  pwd
  467  git new techdialogue2 https://github.com/maxpou/gatsby-starter-morning-dew.git
  468  gatsby new techdialogue2 https://github.com/maxpou/gatsby-starter-morning-dew.git
  469  pwd
  470  rm -rf *2 
  471  h
  472  cd sites
  473  cd *2
  474  history
  475  gatsby new techdialogue2 https://github.com/gatsbyjs/gatsby-starter-blog-theme
  476  cd *2
  477  gatsby develop
  478  npm install gatsby@latest
  479  gatsby -v
  480  pwd
  481  ls
  482  npm install gatsby@latest -g
  483  pwd
  484  cd ..
  485  rm -rf *2 
  486  h
  487  gatsby new techdialogue2 https://github.com/maxpou/gatsby-starter-morning-dew.git
  488  pwd
  489  rm -rf *2 
  490  gatsby version
  491  gatsby -v
  492  gatsby info
  493  h
  494  node -v
  495  npm cache clean -f
  496  pwd
  497  ls
  498  gatsby new techdialogue2 https://github.com/gatsbyjs/gatsby-starter-blog
  499  cd techdialogue2
  500  gatsby develop
  501  pwd
  502  cd ..
  503  pwd
  504  ls -la
  505  more .gitignore 
  506  ls -la
  507  pwd
  508  h
  509  pwd
  510  npm install @mdx-js/mdx @mdx-js/react gatsby-plugin-mdx
  511  npm funding
  512  npm remove gatsby-transformer-remark
  513  h > commands.out
